Change Component Footprint: Designator=R1 Old Footprint=AXIAL-0.3 New Footprint=RESC2013X60X35LL10T20
Change Component Footprint: Designator=R8 Old Footprint=AXIAL-0.3 New Footprint=RESC2013X60X35LL10T20
Change Component Footprint: Designator=R10 Old Footprint=AXIAL-0.3 New Footprint=RESC2013X60X35LL10T20
Change Component Footprint: Designator=R22 Old Footprint=AXIAL-0.3 New Footprint=RESC2013X60X35LL10T20
Change Component Footprint: Designator=R23 Old Footprint=AXIAL-0.3 New Footprint=RESC2013X60X35LL10T20
Change Component Comment : Designator=R1 Old Comment=Res1 New Comment=2 k
Change Component Comment : Designator=R8 Old Comment=Res1 New Comment=2 k
Change Component Comment : Designator=R10 Old Comment=Res1 New Comment=2 k
Change Component Comment : Designator=R22 Old Comment=Res1 New Comment=2 k
Change Component Comment : Designator=R23 Old Comment=Res1 New Comment=2 k
Change component parameters: Designator = "R1"; Footprint = "RESC2013X60X35LL10T20"; UniqueID = "\LFNVLLDM"
Change component parameters. Clean all parameters for all variants
Change component parameters (AddParameter): Name = "Manufacturer"; Value = "Yageo"; VariantName = "[No Variations]"
Change component parameters (AddParameter): Name = "Part Number"; Value = "RC0805JR-072KL"; VariantName = "[No Variations]"
Change component parameters: Designator = "R8"; Footprint = "RESC2013X60X35LL10T20"; UniqueID = "\AAAMPEUY"
Change component parameters. Clean all parameters for all variants
Change component parameters (AddParameter): Name = "Manufacturer"; Value = "Yageo"; VariantName = "[No Variations]"
Change component parameters (AddParameter): Name = "Part Number"; Value = "RC0805JR-072KL"; VariantName = "[No Variations]"
Change component parameters: Designator = "R10"; Footprint = "RESC2013X60X35LL10T20"; UniqueID = "\IJIMIPXJ"
Change component parameters. Clean all parameters for all variants
Change component parameters (AddParameter): Name = "Manufacturer"; Value = "Yageo"; VariantName = "[No Variations]"
Change component parameters (AddParameter): Name = "Part Number"; Value = "RC0805JR-072KL"; VariantName = "[No Variations]"
Change component parameters: Designator = "R22"; Footprint = "RESC2013X60X35LL10T20"; UniqueID = "\AJPJWXUU"
Change component parameters. Clean all parameters for all variants
Change component parameters (AddParameter): Name = "Manufacturer"; Value = "Yageo"; VariantName = "[No Variations]"
Change component parameters (AddParameter): Name = "Part Number"; Value = "RC0805JR-072KL"; VariantName = "[No Variations]"
Change component parameters: Designator = "R23"; Footprint = "RESC2013X60X35LL10T20"; UniqueID = "\HVXJIGRK"
Change component parameters. Clean all parameters for all variants
Change component parameters (AddParameter): Name = "Manufacturer"; Value = "Yageo"; VariantName = "[No Variations]"
Change component parameters (AddParameter): Name = "Part Number"; Value = "RC0805JR-072KL"; VariantName = "[No Variations]"
