Change Component Footprint: Designator=C1 Old Footprint=CAPC1005X55X25LL05T10 New Footprint=CAPC1005X55X25ML05T10
Change Component Footprint: Designator=C4 Old Footprint=CAPC1005X55X25LL05T10 New Footprint=CAPC1005X55X25ML05T10
Change Component Footprint: Designator=C7 Old Footprint=CAPC1005X55X25LL05T10 New Footprint=CAPC1005X55X25ML05T10
Change Component Footprint: Designator=C10 Old Footprint=CAPC1005X55X25LL05T10 New Footprint=CAPC1005X55X25ML05T10
Change Component Footprint: Designator=C11 Old Footprint=CAPC1005X55X25LL05T10 New Footprint=CAPC1005X55X25ML05T10
Change Component Footprint: Designator=R1 Old Footprint=RESC2013X60X35LL10T20 New Footprint=RESC2013X60X35ML10T20
Change Component Footprint: Designator=R8 Old Footprint=RESC2013X60X35LL10T20 New Footprint=RESC2013X60X35ML10T20
Change Component Footprint: Designator=R10 Old Footprint=RESC2013X60X35LL10T20 New Footprint=RESC2013X60X35ML10T20
Change Component Footprint: Designator=R22 Old Footprint=RESC2013X60X35LL10T20 New Footprint=RESC2013X60X35ML10T20
Change Component Footprint: Designator=R23 Old Footprint=RESC2013X60X35LL10T20 New Footprint=RESC2013X60X35ML10T20
Change Component Footprint: Designator=R5 Old Footprint=YAGO-RC0805_L New Footprint=YAGO-RC0805_M
Change Component Footprint: Designator=R15 Old Footprint=YAGO-RC0805_L New Footprint=YAGO-RC0805_M
Change Component Footprint: Designator=R19 Old Footprint=YAGO-RC0805_L New Footprint=YAGO-RC0805_M
Change Component Footprint: Designator=R30 Old Footprint=YAGO-RC0805_L New Footprint=YAGO-RC0805_M
Change Component Footprint: Designator=R31 Old Footprint=YAGO-RC0805_L New Footprint=YAGO-RC0805_M
Added Component: Designator=D89(DIOD-S1M-13-F-SMA-2_V)
Add component. Clean all parameters for all variants
Add component (AddParameter): Name = "ComponentLink1Description"; Value = "Manufacturer URL"; VariantName = "[No Variations]"
Add component (AddParameter): Name = "ComponentLink1URL"; Value = "http://www.diodes.com/"; VariantName = "[No Variations]"
Add component (AddParameter): Name = "ComponentLink2Description"; Value = "Datasheet"; VariantName = "[No Variations]"
Add component (AddParameter): Name = "ComponentLink2URL"; Value = "http://diodes.com/datasheets/ds16003.pdf"; VariantName = "[No Variations]"
Add component (AddParameter): Name = "ComponentLink3Description"; Value = "Package Specification"; VariantName = "[No Variations]"
Add component (AddParameter): Name = "ComponentLink3URL"; Value = "http://diodes.com/datasheets/ds16003.pdf"; VariantName = "[No Variations]"
Add component (AddParameter): Name = "DatasheetVersion"; Value = "Rev. 22 - 2"; VariantName = "[No Variations]"
Add component (AddParameter): Name = "Forward Voltage Drop VF (V)"; Value = "1.1"; VariantName = "[No Variations]"
Add component (AddParameter): Name = "Manufacturer"; Value = "Diodes Inc"; VariantName = "[No Variations]"
Add component (AddParameter): Name = "Maximum Average Rectified Current IO (A)"; Value = "1"; VariantName = "[No Variations]"
Add component (AddParameter): Name = "Maximum Peak Forward Surge Current IFSM (A)"; Value = "30"; VariantName = "[No Variations]"
Add component (AddParameter): Name = "Maximum Reverse Current IR (uA)"; Value = "5"; VariantName = "[No Variations]"
Add component (AddParameter): Name = "Mounting Technology"; Value = "Surface Mount"; VariantName = "[No Variations]"
Add component (AddParameter): Name = "Operating Temperature Range"; Value = "-65 to 150 degC"; VariantName = "[No Variations]"
Add component (AddParameter): Name = "PackageDescription"; Value = "2-Pin SMD, Body 4.3 x 2.605 mm, Height 2.3 mm"; VariantName = "[No Variations]"
Add component (AddParameter): Name = "PackageReference"; Value = "S1M-13-F-SMA-2"; VariantName = "[No Variations]"
Add component (AddParameter): Name = "PackageVersion"; Value = "Rev. 22 - 2"; VariantName = "[No Variations]"
Add component (AddParameter): Name = "Packing"; Value = "Tape and Reel"; VariantName = "[No Variations]"
Add component (AddParameter): Name = "PartNumber"; Value = "S1M-13-F"; VariantName = "[No Variations]"
Add component (AddParameter): Name = "Peak Repetitive Reverse Voltage VRRM (V)"; Value = "1000"; VariantName = "[No Variations]"
Add component (AddParameter): Name = "RoHS"; Value = "TRUE"; VariantName = "[No Variations]"
Add component (AddParameter): Name = "Total Capacitance CT (pF)"; Value = "10"; VariantName = "[No Variations]"
Added Member To Class: ClassName=MultiSpikeHoldSchem Member=Component D89 S1J-13-F
